<html>
<body>
<pre>
<h1>Vision Build Log</h1>
<h2>Tool Versions:</h2>
IDE-Version: μVision V5.14.0.0
Copyright (C) 2015 ARM Ltd and ARM Germany GmbH. All rights reserved.
License Information: zzl Administrator, zzl, LIC=X96CK-ZJPXF-JJP6S-LUTBQ-MJ3C2-6Y6L7
 
Tool Versions:
Toolchain:       MDK-ARM Standard  Version: 5.14.0.0
Toolchain Path:  E:\MDK5\ARM\ARMCC\Bin
C Compiler:      Armcc.exe V5.05 update 1 (build 106)
Assembler:       Armasm.exe V5.05 update 1 (build 106)
Linker/Locator:  ArmLink.exe V5.05 update 1 (build 106)
Library Manager: ArmAr.exe V5.05 update 1 (build 106)
Hex Converter:   FromElf.exe V5.05 update 1 (build 106)
CPU DLL:         SARMCM3.DLL V5.14.0.0
Dialog DLL:      DCM.DLL V1.13.1.0
Target DLL:      STLink\ST-LINKIII-KEIL_SWO.dll V2.0.14.0_KEIL
Dialog DLL:      TCM.DLL V1.14.4.0
 
<h2>Project:</h2>
D:\实验室\我的加热服\heater2\USER\Template.uvprojx
Project File Date:  11/29/2020

<h2>Output:</h2>
Rebuild target 'HEATER'
compiling main.c...
main.c(43): warning:  #223-D: function "KEY_init" declared implicitly
          KEY_init();
main.c(45): warning:  #223-D: function "display_init" declared implicitly
          display_init();
main.c(46): warning:  #223-D: function "TIM3_Int_Init" declared implicitly
          TIM3_Int_Init(5999,5999);//定时器0.5s中断,t=(5999+1)*(5999+1)/72M
main.c(47): warning:  #223-D: function "TIM2_Int_Init" declared implicitly
          TIM2_Int_Init(5999,5999);
main.c(50): warning:  #223-D: function "EXTI_INIT" declared implicitly
                EXTI_INIT();
main.c(56): warning:  #223-D: function "display_time" declared implicitly
                                display_time(0);
main.c(114): warning:  #223-D: function "pw_ctl" declared implicitly
                                                case 0:pw_ctl(ctl_am_1);break;
main.c(114): error:  #20: identifier "ctl_am_1" is undefined
                                                case 0:pw_ctl(ctl_am_1);break;
main.c(115): error:  #20: identifier "ctl_am_2" is undefined
                                                case 1:pw_ctl(ctl_am_2);break;
main.c(116): error:  #20: identifier "ctl_am_3" is undefined
              case 2:pw_ctl(ctl_am_3);break;
main.c(117): error:  #20: identifier "ctl_am_4" is undefined
                                                case 3:pw_ctl(ctl_am_4);break;
main.c(118): error:  #20: identifier "ctl_am_5" is undefined
              case 4:pw_ctl(ctl_am_5);break;
main.c(119): error:  #20: identifier "ctl_am_6" is undefined
                                          case 5:pw_ctl(ctl_am_6);break;
main.c(120): error:  #20: identifier "ctl_am_7" is undefined
                                                case 6:pw_ctl(ctl_am_7);break;
main.c(121): error:  #20: identifier "ctl_am_8" is undefined
                                                case 7:pw_ctl(ctl_am_8);break;
main.c(122): error:  #20: identifier "ctl_am_9" is undefined
                                                case 8:pw_ctl(ctl_am_9);break;          
main.c(134): warning:  #223-D: function "pw_ctl" declared implicitly
                                                case 0:pw_ctl(ctl_pm_1);break;
main.c(134): error:  #20: identifier "ctl_pm_1" is undefined
                                                case 0:pw_ctl(ctl_pm_1);break;
main.c(135): error:  #20: identifier "ctl_pm_2" is undefined
                                                case 1:pw_ctl(ctl_pm_2);break;
main.c(136): error:  #20: identifier "ctl_pm_3" is undefined
              case 2:pw_ctl(ctl_pm_3);break;
main.c(137): error:  #20: identifier "ctl_pm_4" is undefined
                                                case 3:pw_ctl(ctl_pm_4);break;
main.c(138): error:  #20: identifier "ctl_pm_5" is undefined
              case 4:pw_ctl(ctl_pm_5);break;
main.c(139): error:  #20: identifier "ctl_pm_6" is undefined
                                          case 5:pw_ctl(ctl_pm_6);break;
main.c(140): error:  #20: identifier "ctl_pm_7" is undefined
                                                case 6:pw_ctl(ctl_pm_7);break;
main.c(141): error:  #20: identifier "ctl_pm_8" is undefined
                                                case 7:pw_ctl(ctl_pm_8);break;
main.c(142): error:  #20: identifier "ctl_pm_9" is undefined
                                                case 8:pw_ctl(ctl_pm_9);break;          
main.c(149): warning:  #223-D: function "pw_ctl" declared implicitly
                                pw_ctl(0);
main.c(163): warning:  #223-D: function "display_time" declared implicitly
                                        display_time(min_time);
main.c(167): warning:  #223-D: function "display_time" declared implicitly
                                        display_time(hour_time);
main.c: 11 warnings, 18 errors
compiling stm32f10x_it.c...
compiling system_stm32f10x.c...
compiling display.c...
compiling timer.c...
compiling ds3231.c...
compiling key.c...
compiling myiic.c...
compiling delay.c...
compiling sys.c...
compiling usart.c...
compiling core_cm3.c...
assembling startup_stm32f10x_hd.s...
compiling misc.c...
compiling stm32f10x_adc.c...
compiling stm32f10x_bkp.c...
compiling stm32f10x_can.c...
compiling stm32f10x_cec.c...
compiling stm32f10x_crc.c...
compiling stm32f10x_dac.c...
compiling stm32f10x_dbgmcu.c...
compiling stm32f10x_dma.c...
compiling stm32f10x_exti.c...
compiling stm32f10x_flash.c...
compiling stm32f10x_fsmc.c...
compiling stm32f10x_gpio.c...
compiling stm32f10x_i2c.c...
compiling stm32f10x_iwdg.c...
compiling stm32f10x_pwr.c...
compiling stm32f10x_rcc.c...
compiling stm32f10x_rtc.c...
compiling stm32f10x_sdio.c...
compiling stm32f10x_spi.c...
compiling stm32f10x_tim.c...
compiling stm32f10x_usart.c...
compiling stm32f10x_wwdg.c...
"..\OBJ\HEATER.axf" - 18 Error(s), 11 Warning(s).

<h2>Collection of Component include folders:</h2>
  D:\实验室\我的加热服\heater2\USER\RTE
  E:\MDK5\ARM\PACK\Keil\STM32F1xx_DFP\1.0.5\Device\Include

<h2>Collection of Component Files used:</h2>
Target not created.
</pre>
</body>
</html>
